Using pre-set license
Built from '2020.3/staging' branch; Version is '2020.3.5f1 (8095aa901b9b) revision 8426922'; Using compiler version '192528614'; Build Type 'Release'
OS: 'Windows 10 Pro; OS build 19041.928; Version 2004; 64bit' Language: 'ru' Physical Memory: 32724 MB
BatchMode: 1, IsHumanControllingUs: 0, StartBugReporterOnCrash: 0, Is64bit: 1, IsPro: 0

 COMMAND LINE ARGUMENTS:
D:\Program Files\2020.3.5f1\Editor\Unity.exe
-adb2
-batchMode
-noUpm
-name
AssetImportWorker0
-projectPath
C:/Users/Kirill/HowToMakeAVideoGame
-logFile
Logs/AssetImportWorker0.log
-srvPort
52434
Successfully changed project path to: C:/Users/Kirill/HowToMakeAVideoGame
C:/Users/Kirill/HowToMakeAVideoGame
Using Asset Import Pipeline V2.
Refreshing native plugins compatible for Editor in 20.70 ms, found 0 plugins.
Preloading 0 native plugins for Editor in 0.00 ms.
Initialize engine version: 2020.3.5f1 (8095aa901b9b)
[Subsystems] Discovering subsystems at path D:/Program Files/2020.3.5f1/Editor/Data/Resources/UnitySubsystems
[Subsystems] Discovering subsystems at path C:/Users/Kirill/HowToMakeAVideoGame/Assets
GfxDevice: creating device client; threaded=0
Direct3D:
    Version:  Direct3D 11.0 [level 11.1]
    Renderer: NVIDIA GeForce GTX 1060 6GB (ID=0x1c03)
    Vendor:   
    VRAM:     6052 MB
    Driver:   27.21.14.6611
Initialize mono
Mono path[0] = 'D:/Program Files/2020.3.5f1/Editor/Data/Managed'
Mono path[1] = 'D:/Program Files/2020.3.5f1/Editor/Data/MonoBleedingEdge/lib/mono/unityjit'
Mono config path = 'D:/Program Files/2020.3.5f1/Editor/Data/MonoBleedingEdge/etc'
Using monoOptions --debugger-agent=transport=dt_socket,embedding=1,server=y,suspend=n,address=127.0.0.1:56836
Begin MonoManager ReloadAssembly
Registering precompiled unity dll's ...
Register platform support module: D:/Program Files/2020.3.5f1/Editor/Data/PlaybackEngines/WindowsStandaloneSupport/UnityEditor.WindowsStandalone.Extensions.dll
Registered in 0.000858 seconds.
Native extension for WindowsStandalone target not found
Refreshing native plugins compatible for Editor in 19.29 ms, found 0 plugins.
Preloading 0 native plugins for Editor in 0.00 ms.
Mono: successfully reloaded assembly
- Completed reload, in  1.381 seconds
Platform modules already initialized, skipping
Registering precompiled user dll's ...
Registered in 0.000716 seconds.
Begin MonoManager ReloadAssembly
Native extension for WindowsStandalone target not found
Refreshing native plugins compatible for Editor in 0.18 ms, found 0 plugins.
Preloading 0 native plugins for Editor in 0.00 ms.
Mono: successfully reloaded assembly
- Completed reload, in  0.653 seconds
Platform modules already initialized, skipping
========================================================================
Worker process is ready to serve import requests
Launched and connected shader compiler UnityShaderCompiler.exe after 0.04 seconds
Refreshing native plugins compatible for Editor in 0.18 ms, found 0 plugins.
Preloading 0 native plugins for Editor in 0.00 ms.
Unloading 1124 Unused Serialized files (Serialized files now loaded: 0)
System memory in use before: 57.3 MB.
System memory in use after: 57.3 MB.

Unloading 9 unused Assets to reduce memory usage. Loaded Objects now: 1568.
Total: 1.403100 ms (FindLiveObjects: 0.118400 ms CreateObjectMapping: 0.033500 ms MarkObjects: 1.197100 ms  DeleteObjects: 0.053000 ms)

========================================================================
Received Import Request.
  path: Assets/Credits.unity
  artifactKey: Guid(6bc9452587f193f4988e724b9ec02ea0) Importer(815301076,1909f56bfc062723c751e8b465ee728b)
Start importing Assets/Credits.unity using Guid(6bc9452587f193f4988e724b9ec02ea0) Importer(815301076,1909f56bfc062723c751e8b465ee728b)  -> (artifact id: 'b203337fa9e182ec182999b1d20a42a6') in 0.008838 seconds
  Import took 0.010455 seconds .

AssetImportWorkerClient::OnTransportError - code=2 error=End of file
